/Users/panda/Library/Python/3.9/lib/python/site-packages/urllib3/__init__.py:35: NotOpenSSLWarning: urllib3 v2 only supports OpenSSL 1.1.1+, currently the 'ssl' module is compiled with 'LibreSSL 2.8.3'. See: https://github.com/urllib3/urllib3/issues/3020
  warnings.warn(
[2026-03-08T10:17:50.092626] ベースラインバックテスト開始...
  ベストパラメータ使用 (total=81.75%): {'lookback': 80, 'top_n': 8, 'rebalance': 'weekly', 'ret_w': 0.3, 'rs_w': 0.3, 'green_w': 0.2, 'smooth_w': 0.2, 'resilience_w': 0.0}
期間: 2023-01-01 → 2026-03-08, top_n=8, rebalance=weekly
  ユニバース: キャッシュから500銘柄読み込み
キャッシュからデータ読み込み中 (2022-07-05 → 2026-03-08, 500銘柄)...
  500銘柄のデータ読み込み完了

バックテスト開始: 2023-01-01〜2026-03-08, Top-8, weekly
  2023-05-22 | ¥1,024,126 | ['18980.T', '23040.T', '19380.T']
  2023-07-31 | ¥1,028,675 | ['26870.T', '23230.T', '21140.T']
  2023-10-09 | ¥1,101,786 | ['23380.T', '15140.T', '23230.T']
  2023-12-18 | ¥1,288,537 | ['21680.T', '15140.T', '19040.T']
  2024-02-26 | ¥1,531,982 | ['28130.T', '17110.T', '21730.T']
  2024-05-06 | ¥1,384,806 | ['27760.T', '25400.T', '23490.T']
  2024-07-15 | ¥1,317,004 | ['21080.T', '18280.T', '27760.T']
  2024-09-23 | ¥1,269,190 | ['25860.T', '14380.T', '24980.T']
  2024-12-02 | ¥1,072,057 | ['19750.T', '25850.T', '24320.T']
  2025-02-10 | ¥1,091,935 | ['25860.T', '19720.T', '19210.T']
  2025-04-21 | ¥1,000,936 | ['23340.T', '149A0.T', '137A0.T']
  2025-06-30 | ¥1,143,905 | ['14010.T', '18440.T', '23340.T']
  2025-09-08 | ¥1,437,545 | ['146A0.T', '18440.T', '23340.T']
  2025-11-17 | ¥1,273,029 | ['27370.T', '18140.T', '202A0.T']
  2026-01-26 | ¥1,425,753 | ['186A0.T', '23230.T', '285A0.T']

=== バックテスト結果 ===
  start: 2023-01-01
  end: 2026-03-08
  top_n: 8
  rebalance: weekly
  initial_capital: 1000000
  final_value: 1488133.0
  total_return_pct: 48.81
  annual_return_pct: 13.3
  nikkei_return_pct: 98.96
  alpha_pct: -50.15
  num_rebalances: 147
[2026-03-08T10:18:17.861024] バックテスト完了。timeseries_cache.jsonを更新中...
  equities_masterから銘柄名マップ: 4442件
  銘柄名マップ合計: 4442件
  月次リターン: 34件
[2026-03-08T10:18:17.930013] timeseries_cache.json 保存完了!
  weekly: 147件
  monthly: 34件
  nikkei_weekly: 156件
  holdings: 147件
  最初の保有銘柄: {'date': '2023-05-15', 'stocks': [{'code': '18980', 'name': '世紀東急工業', 'score': None}, {'code': '27640', 'name': 'ひらまつ', 'score': None}, {'code': '22160', 'name': 'カンロ', 'score': None}, {'code': '21960', 'name': 'エスクリ', 'score': None}, {'code': '19380', 'name': '日本リーテック', 'score': None}, {'code': '26520', 'name': 'まんだらけ', 'score': None}, {'code': '18700', 'name': '矢作建設工業', 'score': None}, {'code': '23410', 'name': 'アルバイトタイムス', 'score': None}]}
DONE
