INFO:     Started server process [67065]
INFO:     Waiting for application startup.
INFO:     Application startup complete.
ERROR:    [Errno 48] error while attempting to bind on address ('0.0.0.0', 8080): address already in use
INFO:     Waiting for application shutdown.
INFO:     Application shutdown complete.
/Users/panda/Projects/japan-momentum/infra/start.sh: line 10: cloudflared: command not found
/Users/panda/Projects/japan-momentum/infra/start.sh: line 12: kill: (67065) - No such process
INFO:     Started server process [67073]
INFO:     Waiting for application startup.
INFO:     Application startup complete.
ERROR:    [Errno 48] error while attempting to bind on address ('0.0.0.0', 8080): address already in use
INFO:     Waiting for application shutdown.
INFO:     Application shutdown complete.
/Users/panda/Projects/japan-momentum/infra/start.sh: line 10: cloudflared: command not found
/Users/panda/Projects/japan-momentum/infra/start.sh: line 12: kill: (67073) - No such process
INFO:     Started server process [67078]
INFO:     Waiting for application startup.
INFO:     Application startup complete.
ERROR:    [Errno 48] error while attempting to bind on address ('0.0.0.0', 8080): address already in use
INFO:     Waiting for application shutdown.
INFO:     Application shutdown complete.
/Users/panda/Projects/japan-momentum/infra/start.sh: line 10: cloudflared: command not found
/Users/panda/Projects/japan-momentum/infra/start.sh: line 12: kill: (67078) - No such process
INFO:     Started server process [67083]
INFO:     Waiting for application startup.
INFO:     Application startup complete.
ERROR:    [Errno 48] error while attempting to bind on address ('0.0.0.0', 8080): address already in use
INFO:     Waiting for application shutdown.
INFO:     Application shutdown complete.
/Users/panda/Projects/japan-momentum/infra/start.sh: line 10: cloudflared: command not found
/Users/panda/Projects/japan-momentum/infra/start.sh: line 12: kill: (67083) - No such process
INFO:     Started server process [67089]
INFO:     Waiting for application startup.
INFO:     Application startup complete.
ERROR:    [Errno 48] error while attempting to bind on address ('0.0.0.0', 8080): address already in use
INFO:     Waiting for application shutdown.
INFO:     Application shutdown complete.
/Users/panda/Projects/japan-momentum/infra/start.sh: line 10: cloudflared: command not found
/Users/panda/Projects/japan-momentum/infra/start.sh: line 12: kill: (67089) - No such process
INFO:     Started server process [67094]
INFO:     Waiting for application startup.
INFO:     Application startup complete.
ERROR:    [Errno 48] error while attempting to bind on address ('0.0.0.0', 8080): address already in use
INFO:     Waiting for application shutdown.
INFO:     Application shutdown complete.
/Users/panda/Projects/japan-momentum/infra/start.sh: line 10: cloudflared: command not found
/Users/panda/Projects/japan-momentum/infra/start.sh: line 12: kill: (67094) - No such process
