INFO:     Will watch for changes in these directories: ['/Users/panda/Projects/japan-momentum']
INFO:     Uvicorn running on http://0.0.0.0:8080 (Press CTRL+C to quit)
INFO:     Started reloader process [70096] using StatReload
INFO:     Started server process [70099]
INFO:     Waiting for application startup.
INFO:     Application startup complete.
INFO:     127.0.0.1:62165 - "GET /api/today HTTP/1.1" 200 OK
INFO:     127.0.0.1:62215 - "GET / HTTP/1.1" 200 OK
INFO:     111.102.197.97:0 - "GET / HTTP/1.1" 200 OK
INFO:     111.102.197.97:0 - "GET /api/ranking HTTP/1.1" 200 OK
INFO:     111.102.197.97:0 - "GET /api/signals HTTP/1.1" 200 OK
INFO:     111.102.197.97:0 - "GET /api/history HTTP/1.1" 200 OK
INFO:     111.102.197.97:0 - "GET /api/backtest/hypothesis HTTP/1.1" 200 OK
INFO:     111.102.197.97:0 - "GET /api/backtest/signal_library HTTP/1.1" 404 Not Found
INFO:     111.102.197.97:0 - "GET /api/regime HTTP/1.1" 404 Not Found
INFO:     111.102.197.97:0 - "GET /api/backtest/evolution HTTP/1.1" 500 Internal Server Error
ERROR:    Exception in ASGI application
Traceback (most recent call last):
  File "/Users/panda/Library/Python/3.9/lib/python/site-packages/uvicorn/protocols/http/h11_impl.py", line 409, in run_asgi
    result = await app(  # type: ignore[func-returns-value]
  File "/Users/panda/Library/Python/3.9/lib/python/site-packages/uvicorn/middleware/proxy_headers.py", line 60, in __call__
    return await self.app(scope, receive, send)
  File "/Users/panda/Library/Python/3.9/lib/python/site-packages/fastapi/applications.py", line 1138, in __call__
    await super().__call__(scope, receive, send)
  File "/Users/panda/Library/Python/3.9/lib/python/site-packages/starlette/applications.py", line 113, in __call__
    await self.middleware_stack(scope, receive, send)
  File "/Users/panda/Library/Python/3.9/lib/python/site-packages/starlette/middleware/errors.py", line 186, in __call__
    raise exc
  File "/Users/panda/Library/Python/3.9/lib/python/site-packages/starlette/middleware/errors.py", line 164, in __call__
    await self.app(scope, receive, _send)
  File "/Users/panda/Library/Python/3.9/lib/python/site-packages/starlette/middleware/exceptions.py", line 63, in __call__
    await wrap_app_handling_exceptions(self.app, conn)(scope, receive, send)
  File "/Users/panda/Library/Python/3.9/lib/python/site-packages/starlette/_exception_handler.py", line 53, in wrapped_app
    raise exc
  File "/Users/panda/Library/Python/3.9/lib/python/site-packages/starlette/_exception_handler.py", line 42, in wrapped_app
    await app(scope, receive, sender)
  File "/Users/panda/Library/Python/3.9/lib/python/site-packages/fastapi/middleware/asyncexitstack.py", line 18, in __call__
    await self.app(scope, receive, send)
  File "/Users/panda/Library/Python/3.9/lib/python/site-packages/starlette/routing.py", line 716, in __call__
    await self.middleware_stack(scope, receive, send)
  File "/Users/panda/Library/Python/3.9/lib/python/site-packages/starlette/routing.py", line 736, in app
    await route.handle(scope, receive, send)
  File "/Users/panda/Library/Python/3.9/lib/python/site-packages/starlette/routing.py", line 290, in handle
    await self.app(scope, receive, send)
  File "/Users/panda/Library/Python/3.9/lib/python/site-packages/fastapi/routing.py", line 121, in app
    await wrap_app_handling_exceptions(app, request)(scope, receive, send)
  File "/Users/panda/Library/Python/3.9/lib/python/site-packages/starlette/_exception_handler.py", line 53, in wrapped_app
    raise exc
  File "/Users/panda/Library/Python/3.9/lib/python/site-packages/starlette/_exception_handler.py", line 42, in wrapped_app
    await app(scope, receive, sender)
  File "/Users/panda/Library/Python/3.9/lib/python/site-packages/fastapi/routing.py", line 107, in app
    response = await f(request)
  File "/Users/panda/Library/Python/3.9/lib/python/site-packages/fastapi/routing.py", line 426, in app
    raw_response = await run_endpoint_function(
  File "/Users/panda/Library/Python/3.9/lib/python/site-packages/fastapi/routing.py", line 316, in run_endpoint_function
    return await run_in_threadpool(dependant.call, **values)
  File "/Users/panda/Library/Python/3.9/lib/python/site-packages/starlette/concurrency.py", line 38, in run_in_threadpool
    return await anyio.to_thread.run_sync(func)
  File "/Users/panda/Library/Python/3.9/lib/python/site-packages/anyio/to_thread.py", line 63, in run_sync
    return await get_async_backend().run_sync_in_worker_thread(
  File "/Users/panda/Library/Python/3.9/lib/python/site-packages/anyio/_backends/_asyncio.py", line 2502, in run_sync_in_worker_thread
    return await future
  File "/Users/panda/Library/Python/3.9/lib/python/site-packages/anyio/_backends/_asyncio.py", line 986, in run
    result = context.run(func, *args)
  File "/Users/panda/Projects/japan-momentum/dashboard/app.py", line 191, in backtest_evolution
    data['all'] = sorted(data['all'], key=lambda x: x.get('total_return_pct', 0), reverse=True)
TypeError: '<' not supported between instances of 'NoneType' and 'float'
INFO:     111.102.197.97:0 - "GET /api/backtest/optimize HTTP/1.1" 200 OK
INFO:     111.102.197.97:0 - "GET /api/backtest/timeseries HTTP/1.1" 200 OK
INFO:     111.102.197.97:0 - "GET /api/paper-trade/history HTTP/1.1" 200 OK
INFO:     111.102.197.97:0 - "GET /api/backtest/is-oos-compare HTTP/1.1" 200 OK
INFO:     111.102.197.97:0 - "GET /api/weekly_picks HTTP/1.1" 200 OK
INFO:     111.102.197.97:0 - "GET / HTTP/1.1" 200 OK
INFO:     111.102.197.97:0 - "GET /api/signals HTTP/1.1" 200 OK
INFO:     111.102.197.97:0 - "GET /api/history HTTP/1.1" 200 OK
INFO:     111.102.197.97:0 - "GET /api/ranking HTTP/1.1" 200 OK
INFO:     111.102.197.97:0 - "GET /api/backtest/hypothesis HTTP/1.1" 200 OK
INFO:     111.102.197.97:0 - "GET /api/backtest/signal_library HTTP/1.1" 404 Not Found
INFO:     111.102.197.97:0 - "GET /api/regime HTTP/1.1" 404 Not Found
INFO:     111.102.197.97:0 - "GET /api/backtest/evolution HTTP/1.1" 500 Internal Server Error
ERROR:    Exception in ASGI application
Traceback (most recent call last):
  File "/Users/panda/Library/Python/3.9/lib/python/site-packages/uvicorn/protocols/http/h11_impl.py", line 409, in run_asgi
    result = await app(  # type: ignore[func-returns-value]
  File "/Users/panda/Library/Python/3.9/lib/python/site-packages/uvicorn/middleware/proxy_headers.py", line 60, in __call__
    return await self.app(scope, receive, send)
  File "/Users/panda/Library/Python/3.9/lib/python/site-packages/fastapi/applications.py", line 1138, in __call__
    await super().__call__(scope, receive, send)
  File "/Users/panda/Library/Python/3.9/lib/python/site-packages/starlette/applications.py", line 113, in __call__
    await self.middleware_stack(scope, receive, send)
  File "/Users/panda/Library/Python/3.9/lib/python/site-packages/starlette/middleware/errors.py", line 186, in __call__
    raise exc
  File "/Users/panda/Library/Python/3.9/lib/python/site-packages/starlette/middleware/errors.py", line 164, in __call__
    await self.app(scope, receive, _send)
  File "/Users/panda/Library/Python/3.9/lib/python/site-packages/starlette/middleware/exceptions.py", line 63, in __call__
    await wrap_app_handling_exceptions(self.app, conn)(scope, receive, send)
  File "/Users/panda/Library/Python/3.9/lib/python/site-packages/starlette/_exception_handler.py", line 53, in wrapped_app
    raise exc
  File "/Users/panda/Library/Python/3.9/lib/python/site-packages/starlette/_exception_handler.py", line 42, in wrapped_app
    await app(scope, receive, sender)
  File "/Users/panda/Library/Python/3.9/lib/python/site-packages/fastapi/middleware/asyncexitstack.py", line 18, in __call__
    await self.app(scope, receive, send)
  File "/Users/panda/Library/Python/3.9/lib/python/site-packages/starlette/routing.py", line 716, in __call__
    await self.middleware_stack(scope, receive, send)
  File "/Users/panda/Library/Python/3.9/lib/python/site-packages/starlette/routing.py", line 736, in app
    await route.handle(scope, receive, send)
  File "/Users/panda/Library/Python/3.9/lib/python/site-packages/starlette/routing.py", line 290, in handle
    await self.app(scope, receive, send)
  File "/Users/panda/Library/Python/3.9/lib/python/site-packages/fastapi/routing.py", line 121, in app
    await wrap_app_handling_exceptions(app, request)(scope, receive, send)
  File "/Users/panda/Library/Python/3.9/lib/python/site-packages/starlette/_exception_handler.py", line 53, in wrapped_app
    raise exc
  File "/Users/panda/Library/Python/3.9/lib/python/site-packages/starlette/_exception_handler.py", line 42, in wrapped_app
    await app(scope, receive, sender)
  File "/Users/panda/Library/Python/3.9/lib/python/site-packages/fastapi/routing.py", line 107, in app
    response = await f(request)
  File "/Users/panda/Library/Python/3.9/lib/python/site-packages/fastapi/routing.py", line 426, in app
    raw_response = await run_endpoint_function(
  File "/Users/panda/Library/Python/3.9/lib/python/site-packages/fastapi/routing.py", line 316, in run_endpoint_function
    return await run_in_threadpool(dependant.call, **values)
  File "/Users/panda/Library/Python/3.9/lib/python/site-packages/starlette/concurrency.py", line 38, in run_in_threadpool
    return await anyio.to_thread.run_sync(func)
  File "/Users/panda/Library/Python/3.9/lib/python/site-packages/anyio/to_thread.py", line 63, in run_sync
    return await get_async_backend().run_sync_in_worker_thread(
  File "/Users/panda/Library/Python/3.9/lib/python/site-packages/anyio/_backends/_asyncio.py", line 2502, in run_sync_in_worker_thread
    return await future
  File "/Users/panda/Library/Python/3.9/lib/python/site-packages/anyio/_backends/_asyncio.py", line 986, in run
    result = context.run(func, *args)
  File "/Users/panda/Projects/japan-momentum/dashboard/app.py", line 191, in backtest_evolution
    data['all'] = sorted(data['all'], key=lambda x: x.get('total_return_pct', 0), reverse=True)
TypeError: '<' not supported between instances of 'NoneType' and 'float'
INFO:     111.102.197.97:0 - "GET /api/backtest/optimize HTTP/1.1" 200 OK
INFO:     111.102.197.97:0 - "GET /api/backtest/timeseries HTTP/1.1" 200 OK
INFO:     111.102.197.97:0 - "GET /api/backtest/is-oos-compare HTTP/1.1" 200 OK
INFO:     111.102.197.97:0 - "GET /api/paper-trade/history HTTP/1.1" 200 OK
WARNING:  StatReload detected changes in 'optimize.py'. Reloading...
INFO:     Shutting down
INFO:     Waiting for application shutdown.
INFO:     Application shutdown complete.
INFO:     Finished server process [70099]
INFO:     Started server process [72250]
INFO:     Waiting for application startup.
INFO:     Application startup complete.
WARNING:  StatReload detected changes in 'optimize.py'. Reloading...
INFO:     Shutting down
INFO:     Waiting for application shutdown.
INFO:     Application shutdown complete.
INFO:     Finished server process [72250]
INFO:     Started server process [72252]
INFO:     Waiting for application startup.
INFO:     Application startup complete.
WARNING:  StatReload detected changes in 'evolution_engine.py'. Reloading...
INFO:     Shutting down
INFO:     Waiting for application shutdown.
INFO:     Application shutdown complete.
INFO:     Finished server process [72252]
INFO:     Started server process [72291]
INFO:     Waiting for application startup.
INFO:     Application startup complete.
INFO:     54.163.55.64:0 - "GET / HTTP/1.1" 200 OK
INFO:     54.163.55.64:0 - "GET /favicon.ico HTTP/1.1" 404 Not Found
INFO:     54.163.55.64:0 - "GET /favicon.png HTTP/1.1" 404 Not Found
WARNING:  StatReload detected changes in 'evolution_engine.py'. Reloading...
INFO:     Shutting down
INFO:     Waiting for application shutdown.
INFO:     Application shutdown complete.
INFO:     Finished server process [72291]
INFO:     Started server process [72368]
INFO:     Waiting for application startup.
INFO:     Application startup complete.
WARNING:  StatReload detected changes in 'evolution_engine.py'. Reloading...
INFO:     Shutting down
INFO:     Waiting for application shutdown.
INFO:     Application shutdown complete.
INFO:     Finished server process [72368]
INFO:     Started server process [72408]
INFO:     Waiting for application startup.
INFO:     Application startup complete.
WARNING:  StatReload detected changes in 'run_hypothesis.py'. Reloading...
INFO:     Shutting down
INFO:     Waiting for application shutdown.
INFO:     Application shutdown complete.
INFO:     Finished server process [72408]
INFO:     Started server process [72425]
INFO:     Waiting for application startup.
INFO:     Application startup complete.
WARNING:  StatReload detected changes in 'optimize.py'. Reloading...
INFO:     Shutting down
INFO:     Waiting for application shutdown.
INFO:     Application shutdown complete.
INFO:     Finished server process [72425]
INFO:     Started server process [72492]
INFO:     Waiting for application startup.
INFO:     Application startup complete.
INFO:     54.163.55.64:0 - "GET / HTTP/1.1" 200 OK
INFO:     52.20.19.158:0 - "GET / HTTP/1.1" 200 OK
WARNING:  StatReload detected changes in 'optimize.py'. Reloading...
INFO:     Shutting down
INFO:     Waiting for application shutdown.
INFO:     Application shutdown complete.
INFO:     Finished server process [72492]
INFO:     Started server process [72546]
INFO:     Waiting for application startup.
INFO:     Application startup complete.
WARNING:  StatReload detected changes in 'backtest.py'. Reloading...
INFO:     Shutting down
INFO:     Waiting for application shutdown.
INFO:     Application shutdown complete.
INFO:     Finished server process [72546]
INFO:     Started server process [72575]
INFO:     Waiting for application startup.
INFO:     Application startup complete.
WARNING:  StatReload detected changes in 'backtest.py'. Reloading...
INFO:     Shutting down
INFO:     Waiting for application shutdown.
INFO:     Application shutdown complete.
INFO:     Finished server process [72575]
INFO:     Started server process [72594]
INFO:     Waiting for application startup.
INFO:     Application startup complete.
WARNING:  StatReload detected changes in 'backtest.py'. Reloading...
INFO:     Shutting down
INFO:     Waiting for application shutdown.
INFO:     Application shutdown complete.
INFO:     Finished server process [72594]
INFO:     Started server process [72677]
INFO:     Waiting for application startup.
INFO:     Application startup complete.
