/Users/panda/Library/Python/3.9/lib/python/site-packages/urllib3/__init__.py:35: NotOpenSSLWarning: urllib3 v2 only supports OpenSSL 1.1.1+, currently the 'ssl' module is compiled with 'LibreSSL 2.8.3'. See: https://github.com/urllib3/urllib3/issues/3020
  warnings.warn(
  ユニバース: 直近20日の売買代金でランキング中...
    5/20日 完了
    10/20日 完了
    15/20日 完了
    除外: 投資信託/ETF 499銘柄
  ユニバース: 売買代金上位500銘柄を選定
対象: 500銘柄
OHLCVキャッシュ更新: 500銘柄 (2022-01-01 → 2026-03-05)
  50/500 完了 (エラー:0)
  100/500 完了 (エラー:0)
  150/500 完了 (エラー:0)
  200/500 完了 (エラー:0)
  250/500 完了 (エラー:0)
  300/500 完了 (エラー:0)
  350/500 完了 (エラー:0)
  400/500 完了 (エラー:0)
  450/500 完了 (エラー:0)
  500/500 完了 (エラー:0)
完了: 500銘柄, エラー:0

キャッシュ場所: data/ohlcv_cache
合計サイズ: 65.4 MB
