/Users/panda/Library/Python/3.9/lib/python/site-packages/urllib3/__init__.py:35: NotOpenSSLWarning: urllib3 v2 only supports OpenSSL 1.1.1+, currently the 'ssl' module is compiled with 'LibreSSL 2.8.3'. See: https://github.com/urllib3/urllib3/issues/3020
  warnings.warn(
  ユニバース: キャッシュから2000銘柄読み込み
対象: 2000銘柄 / 2016-01-01〜
/Users/panda/Library/Python/3.9/lib/python/site-packages/urllib3/__init__.py:35: NotOpenSSLWarning: urllib3 v2 only supports OpenSSL 1.1.1+, currently the 'ssl' module is compiled with 'LibreSSL 2.8.3'. See: https://github.com/urllib3/urllib3/issues/3020
  warnings.warn(
  ユニバース: キャッシュから2000銘柄読み込み
対象: 2000銘柄 / 2016-01-01〜
/Users/panda/Library/Python/3.9/lib/python/site-packages/urllib3/__init__.py:35: NotOpenSSLWarning: urllib3 v2 only supports OpenSSL 1.1.1+, currently the 'ssl' module is compiled with 'LibreSSL 2.8.3'. See: https://github.com/urllib3/urllib3/issues/3020
  warnings.warn(
  ユニバース: キャッシュから2000銘柄読み込み
対象: 2000銘柄 / 2016-01-01〜
/Users/panda/Library/Python/3.9/lib/python/site-packages/urllib3/__init__.py:35: NotOpenSSLWarning: urllib3 v2 only supports OpenSSL 1.1.1+, currently the 'ssl' module is compiled with 'LibreSSL 2.8.3'. See: https://github.com/urllib3/urllib3/issues/3020
  warnings.warn(
  ユニバース: キャッシュから2000銘柄読み込み
対象: 2000銘柄 → 2016-01-01まで遡る
/Users/panda/Projects/japan-momentum/./fetch_cache.py:103: FutureWarning: The behavior of DataFrame concatenation with empty or all-NA entries is deprecated. In a future version, this will no longer exclude empty or all-NA columns when determining the result dtypes. To retain the old behavior, exclude the relevant entries before the concat operation.
  combined = pd.concat([new_df, existing])
/Users/panda/Projects/japan-momentum/./fetch_cache.py:103: FutureWarning: The behavior of DataFrame concatenation with empty or all-NA entries is deprecated. In a future version, this will no longer exclude empty or all-NA columns when determining the result dtypes. To retain the old behavior, exclude the relevant entries before the concat operation.
  combined = pd.concat([new_df, existing])
OHLCVキャッシュ更新: 2000銘柄 (2016-01-01 → 2026-03-05)
  50/2000 完了 (エラー:0)
  100/2000 完了 (エラー:0)
  150/2000 完了 (エラー:0)
  200/2000 完了 (エラー:0)
  250/2000 完了 (エラー:0)
  300/2000 完了 (エラー:0)
  350/2000 完了 (エラー:0)
  400/2000 完了 (エラー:0)
  450/2000 完了 (エラー:0)
  500/2000 完了 (エラー:0)
  550/2000 完了 (エラー:0)
  600/2000 完了 (エラー:0)
  650/2000 完了 (エラー:0)
  700/2000 完了 (エラー:0)
  750/2000 完了 (エラー:0)
  800/2000 完了 (エラー:0)
  850/2000 完了 (エラー:0)
  900/2000 完了 (エラー:0)
  950/2000 完了 (エラー:0)
  1000/2000 完了 (エラー:0)
  1050/2000 完了 (エラー:0)
  1100/2000 完了 (エラー:0)
  1150/2000 完了 (エラー:0)
  1200/2000 完了 (エラー:0)
  1250/2000 完了 (エラー:0)
  [WARN] 41860: Could not open Parquet input source '<Buffer>': Parquet magic bytes not found in footer. Either the file is corrupted or this is not a parquet file.
  [WARN] 41760: Could not open Parquet input source '<Buffer>': Parquet magic bytes not found in footer. Either the file is corrupted or this is not a parquet file.
  1300/2000 完了 (エラー:2)
  [WARN] 43690: Could not open Parquet input source '<Buffer>': Parquet magic bytes not found in footer. Either the file is corrupted or this is not a parquet file.
  1350/2000 完了 (エラー:3)
  1400/2000 完了 (エラー:3)
  [WARN] 44360: Could not open Parquet input source '<Buffer>': Parquet magic bytes not found in footer. Either the file is corrupted or this is not a parquet file.
  [WARN] 44270: Invalid column metadata (corrupt file?)
  1450/2000 完了 (エラー:5)
  1500/2000 完了 (エラー:5)
  1550/2000 完了 (エラー:5)
  [WARN] 46230: Could not open Parquet input source '<Buffer>': Parquet magic bytes not found in footer. Either the file is corrupted or this is not a parquet file.
  1600/2000 完了 (エラー:6)
  1650/2000 完了 (エラー:6)
  1700/2000 完了 (エラー:6)
  1750/2000 完了 (エラー:6)
  1800/2000 完了 (エラー:6)
  1850/2000 完了 (エラー:6)
  1900/2000 完了 (エラー:6)
  [WARN] 54840: Could not open Parquet input source '<Buffer>': Parquet magic bytes not found in footer. Either the file is corrupted or this is not a parquet file.
  1950/2000 完了 (エラー:7)
  [WARN] 58030: Could not open Parquet input source '<Buffer>': Parquet magic bytes not found in footer. Either the file is corrupted or this is not a parquet file.
  2000/2000 完了 (エラー:8)
完了: 2000銘柄, エラー:8
完了！
OHLCVキャッシュ更新: 2000銘柄 (2016-01-01 → 2026-03-05)
  50/2000 完了 (エラー:0)
  100/2000 完了 (エラー:0)
  150/2000 完了 (エラー:0)
  200/2000 完了 (エラー:0)
  250/2000 完了 (エラー:0)
  300/2000 完了 (エラー:0)
  350/2000 完了 (エラー:0)
  400/2000 完了 (エラー:0)
  450/2000 完了 (エラー:0)
  500/2000 完了 (エラー:0)
  550/2000 完了 (エラー:0)
  600/2000 完了 (エラー:0)
  650/2000 完了 (エラー:0)
  700/2000 完了 (エラー:0)
  750/2000 完了 (エラー:0)
  800/2000 完了 (エラー:0)
  850/2000 完了 (エラー:0)
  900/2000 完了 (エラー:0)
  950/2000 完了 (エラー:0)
  1000/2000 完了 (エラー:0)
  1050/2000 完了 (エラー:0)
  1100/2000 完了 (エラー:0)
  1150/2000 完了 (エラー:0)
  1200/2000 完了 (エラー:0)
  1250/2000 完了 (エラー:0)
  1300/2000 完了 (エラー:0)
  1350/2000 完了 (エラー:0)
  [WARN] 43700: Could not open Parquet input source '<Buffer>': Parquet magic bytes not found in footer. Either the file is corrupted or this is not a parquet file.
  1400/2000 完了 (エラー:1)
  1450/2000 完了 (エラー:1)
  [WARN] 45870: Could not open Parquet input source '<Buffer>': Parquet magic bytes not found in footer. Either the file is corrupted or this is not a parquet file.
  [WARN] 46310: Could not open Parquet input source '<Buffer>': Parquet magic bytes not found in footer. Either the file is corrupted or this is not a parquet file.
  1500/2000 完了 (エラー:3)
  1550/2000 完了 (エラー:3)
  1600/2000 完了 (エラー:3)
  1650/2000 完了 (エラー:3)
  1700/2000 完了 (エラー:3)
  1750/2000 完了 (エラー:3)
  1800/2000 完了 (エラー:3)
  1850/2000 完了 (エラー:3)
  [WARN] 53930: Could not open Parquet input source '<Buffer>': Parquet magic bytes not found in footer. Either the file is corrupted or this is not a parquet file.
  1900/2000 完了 (エラー:4)
  1950/2000 完了 (エラー:4)
  [WARN] 56990: Could not open Parquet input source '<Buffer>': Parquet magic bytes not found in footer. Either the file is corrupted or this is not a parquet file.
  2000/2000 完了 (エラー:5)
完了: 2000銘柄, エラー:5
完了！
OHLCVキャッシュ更新: 2000銘柄 (2016-01-01 → 2026-03-05)
  50/2000 完了 (エラー:0)
  100/2000 完了 (エラー:0)
  150/2000 完了 (エラー:0)
  200/2000 完了 (エラー:0)
  250/2000 完了 (エラー:0)
  300/2000 完了 (エラー:0)
  350/2000 完了 (エラー:0)
  400/2000 完了 (エラー:0)
  450/2000 完了 (エラー:0)
  500/2000 完了 (エラー:0)
  550/2000 完了 (エラー:0)
  600/2000 完了 (エラー:0)
  650/2000 完了 (エラー:0)
  700/2000 完了 (エラー:0)
  750/2000 完了 (エラー:0)
  800/2000 完了 (エラー:0)
  850/2000 完了 (エラー:0)
  900/2000 完了 (エラー:0)
  950/2000 完了 (エラー:0)
  1000/2000 完了 (エラー:0)
  1050/2000 完了 (エラー:0)
  1100/2000 完了 (エラー:0)
  1150/2000 完了 (エラー:0)
  1200/2000 完了 (エラー:0)
  1250/2000 完了 (エラー:0)
  1300/2000 完了 (エラー:0)
  1350/2000 完了 (エラー:0)
  1400/2000 完了 (エラー:0)
  1450/2000 完了 (エラー:0)
  1500/2000 完了 (エラー:0)
  1550/2000 完了 (エラー:0)
  [WARN] 47500: Could not open Parquet input source '<Buffer>': Parquet magic bytes not found in footer. Either the file is corrupted or this is not a parquet file.
  1600/2000 完了 (エラー:1)
  [WARN] 48450: Invalid column metadata (corrupt file?)
  1650/2000 完了 (エラー:2)
  1700/2000 完了 (エラー:2)
  1750/2000 完了 (エラー:2)
  [WARN] 52460: Could not open Parquet input source '<Buffer>': Parquet magic bytes not found in footer. Either the file is corrupted or this is not a parquet file.
  1800/2000 完了 (エラー:3)
  1850/2000 完了 (エラー:3)
  [WARN] 54230: Could not open Parquet input source '<Buffer>': Parquet magic bytes not found in footer. Either the file is corrupted or this is not a parquet file.
  1900/2000 完了 (エラー:4)
  1950/2000 完了 (エラー:4)
  2000/2000 完了 (エラー:4)
完了: 2000銘柄, エラー:4
完了！
/Users/panda/Projects/japan-momentum/./fetch_cache.py:103: FutureWarning: The behavior of DataFrame concatenation with empty or all-NA entries is deprecated. In a future version, this will no longer exclude empty or all-NA columns when determining the result dtypes. To retain the old behavior, exclude the relevant entries before the concat operation.
  combined = pd.concat([new_df, existing])
/Users/panda/Projects/japan-momentum/./fetch_cache.py:103: FutureWarning: The behavior of DataFrame concatenation with empty or all-NA entries is deprecated. In a future version, this will no longer exclude empty or all-NA columns when determining the result dtypes. To retain the old behavior, exclude the relevant entries before the concat operation.
  combined = pd.concat([new_df, existing])
/Users/panda/Projects/japan-momentum/./fetch_cache.py:103: FutureWarning: The behavior of DataFrame concatenation with empty or all-NA entries is deprecated. In a future version, this will no longer exclude empty or all-NA columns when determining the result dtypes. To retain the old behavior, exclude the relevant entries before the concat operation.
  combined = pd.concat([new_df, existing])
/Users/panda/Projects/japan-momentum/./fetch_cache.py:103: FutureWarning: The behavior of DataFrame concatenation with empty or all-NA entries is deprecated. In a future version, this will no longer exclude empty or all-NA columns when determining the result dtypes. To retain the old behavior, exclude the relevant entries before the concat operation.
  combined = pd.concat([new_df, existing])
/Users/panda/Projects/japan-momentum/./fetch_cache.py:103: FutureWarning: The behavior of DataFrame concatenation with empty or all-NA entries is deprecated. In a future version, this will no longer exclude empty or all-NA columns when determining the result dtypes. To retain the old behavior, exclude the relevant entries before the concat operation.
  combined = pd.concat([new_df, existing])
/Users/panda/Projects/japan-momentum/./fetch_cache.py:103: FutureWarning: The behavior of DataFrame concatenation with empty or all-NA entries is deprecated. In a future version, this will no longer exclude empty or all-NA columns when determining the result dtypes. To retain the old behavior, exclude the relevant entries before the concat operation.
  combined = pd.concat([new_df, existing])
OHLCVバックフィル: 2000銘柄 → 2016-01-01まで遡る
  バックフィル 50/2000 完了 (エラー:0)
  バックフィル 100/2000 完了 (エラー:0)
  バックフィル 150/2000 完了 (エラー:0)
  バックフィル 200/2000 完了 (エラー:0)
  バックフィル 250/2000 完了 (エラー:0)
  バックフィル 300/2000 完了 (エラー:0)
  バックフィル 350/2000 完了 (エラー:0)
  バックフィル 400/2000 完了 (エラー:0)
  バックフィル 450/2000 完了 (エラー:0)
  バックフィル 500/2000 完了 (エラー:0)
  バックフィル 550/2000 完了 (エラー:0)
  バックフィル 600/2000 完了 (エラー:0)
  バックフィル 650/2000 完了 (エラー:0)
  バックフィル 700/2000 完了 (エラー:0)
  バックフィル 750/2000 完了 (エラー:0)
  バックフィル 800/2000 完了 (エラー:0)
  バックフィル 850/2000 完了 (エラー:0)
  バックフィル 900/2000 完了 (エラー:0)
  バックフィル 950/2000 完了 (エラー:0)
  バックフィル 1000/2000 完了 (エラー:0)
  バックフィル 1050/2000 完了 (エラー:0)
  バックフィル 1100/2000 完了 (エラー:0)
  バックフィル 1150/2000 完了 (エラー:0)
  バックフィル 1200/2000 完了 (エラー:0)
  バックフィル 1250/2000 完了 (エラー:0)
  バックフィル 1300/2000 完了 (エラー:0)
  バックフィル 1350/2000 完了 (エラー:0)
  バックフィル 1400/2000 完了 (エラー:0)
  バックフィル 1450/2000 完了 (エラー:0)
  バックフィル 1500/2000 完了 (エラー:0)
  バックフィル 1550/2000 完了 (エラー:0)
  バックフィル 1600/2000 完了 (エラー:0)
  バックフィル 1650/2000 完了 (エラー:0)
  バックフィル 1700/2000 完了 (エラー:0)
  バックフィル 1750/2000 完了 (エラー:0)
  バックフィル 1800/2000 完了 (エラー:0)
  バックフィル 1850/2000 完了 (エラー:0)
  バックフィル 1900/2000 完了 (エラー:0)
  バックフィル 1950/2000 完了 (エラー:0)
  バックフィル 2000/2000 完了 (エラー:0)
バックフィル完了: 2000銘柄, エラー:0
完了！
