/Users/panda/Library/Python/3.9/lib/python/site-packages/urllib3/__init__.py:35: NotOpenSSLWarning: urllib3 v2 only supports OpenSSL 1.1.1+, currently the 'ssl' module is compiled with 'LibreSSL 2.8.3'. See: https://github.com/urllib3/urllib3/issues/3020
  warnings.warn(
  ユニバース: キャッシュから500銘柄読み込み
対象: 500銘柄
fins_summary 取得中...
  50/500
  100/500
  150/500
  200/500
  250/500
  300/500
  350/500
  400/500
  450/500
  500/500
fins_summary: 35980行保存
margin_interest 取得中...
margin_interest エラー: 400 Client Error: Bad Request for url: https://api.jquants.com/v2/markets/margin-interest?from=2022-01-01
investor_types 取得中...
investor_types: 206行保存
short_ratio 取得中...
short_ratio エラー: 400 Client Error: Bad Request for url: https://api.jquants.com/v2/markets/short-ratio?from=2022-01-01
indices 取得中...
全データ取得完了
