/Users/panda/Library/Python/3.9/lib/python/site-packages/urllib3/__init__.py:35: NotOpenSSLWarning: urllib3 v2 only supports OpenSSL 1.1.1+, currently the 'ssl' module is compiled with 'LibreSSL 2.8.3'. See: https://github.com/urllib3/urllib3/issues/3020
  warnings.warn(
スコア計算開始...
params: lb=60, top_n=3
  ユニバース: 直近20日の売買代金でランキング中...
    5/20日 完了
    10/20日 完了
    15/20日 完了
    除外: 投資信託/ETF 669銘柄
  ユニバース: 売買代金上位2000銘柄を選定
価格データ: 2001銘柄（62270含む: True）
事前計算完了: 2001銘柄×5lb / 293.7秒

=== ＡＩメカテック (62270) スコア ===
スコア: 0.6101
ランク: 63/1996 (上位3.2%)

上位3銘柄: ['24370', '25790', '24690']

上位10銘柄とスコア:
   24370: 0.6940
   25790: 0.6802
   24690: 0.6690
   22640: 0.6668
   52520: 0.6655
   40040: 0.6652
   41190: 0.6611
   22080: 0.6592
   27050: 0.6590
   34840: 0.6587
完了
